{"time":"2025-02-08T19:06:16.083636066Z","level":"INFO","msg":"Starting URL Shortener","config":{"HTTPServer":{"Address":":8080","ReadTimeout":5000000000,"WriteTimeout":5000000000,"IdleTimeout":30000000000,"OperationsTimeout":4000000000},"GRPC":{"Port":5050,"OperationsTimeout":5000000000},"PG":{"Host":"storage","Port":5432,"User":"postgres","Password":"password","DBName":"postgres"},"Logger":{"Level":"debug","Format":"json","Directory":"/app/logs"}}}
{"time":"2025-02-08T19:06:16.08404743Z","level":"INFO","msg":"logger middleware enabled","component":"middleware/logger"}
{"time":"2025-02-08T19:06:16.084187536Z","level":"INFO","msg":"Starting http server","op":"server.RunServer","address":":8080"}
{"time":"2025-02-08T19:06:16.084345143Z","level":"INFO","msg":"grpc server has started","op":"grpc.App","port":5050,"addr":"[::]:5050"}
{"time":"2025-02-08T19:06:26.575271038Z","level":"INFO","msg":"request completed","component":"middleware/logger","method":"GET","path":"/api/v1/health","remote_addr":"[::1]:57922","user_agent":"curl/8.12.0","request_id":"","status":200,"bytes":2,"duration":"16.193µs"}
{"time":"2025-02-08T19:06:35.785279381Z","level":"INFO","msg":"request completed","component":"middleware/logger","method":"GET","path":"/api/v1/health","remote_addr":"[::1]:46952","user_agent":"curl/8.12.0","request_id":"","status":200,"bytes":2,"duration":"9.798µs"}
{"time":"2025-02-08T19:06:45.839141978Z","level":"INFO","msg":"request completed","component":"middleware/logger","method":"GET","path":"/api/v1/health","remote_addr":"[::1]:42136","user_agent":"curl/8.12.0","request_id":"","status":200,"bytes":2,"duration":"24.153µs"}
{"time":"2025-02-08T19:06:55.879453627Z","level":"INFO","msg":"request completed","component":"middleware/logger","method":"GET","path":"/api/v1/health","remote_addr":"[::1]:41278","user_agent":"curl/8.12.0","request_id":"","status":200,"bytes":2,"duration":"23.408µs"}
{"time":"2025-02-08T19:07:05.043935994Z","level":"INFO","msg":"request completed","component":"middleware/logger","method":"GET","path":"/api/v1/health","remote_addr":"[::1]:44900","user_agent":"curl/8.12.0","request_id":"","status":200,"bytes":2,"duration":"8.322µs"}
{"time":"2025-02-08T19:07:15.085526393Z","level":"INFO","msg":"request completed","component":"middleware/logger","method":"GET","path":"/api/v1/health","remote_addr":"[::1]:35556","user_agent":"curl/8.12.0","request_id":"","status":200,"bytes":2,"duration":"9.042µs"}
{"time":"2025-02-08T19:07:25.126951304Z","level":"INFO","msg":"request completed","component":"middleware/logger","method":"GET","path":"/api/v1/health","remote_addr":"[::1]:42832","user_agent":"curl/8.12.0","request_id":"","status":200,"bytes":2,"duration":"10.07µs"}
{"time":"2025-02-08T19:07:34.324602565Z","level":"INFO","msg":"request completed","component":"middleware/logger","method":"GET","path":"/api/v1/health","remote_addr":"[::1]:53392","user_agent":"curl/8.12.0","request_id":"","status":200,"bytes":2,"duration":"8.529µs"}
{"time":"2025-02-08T19:07:44.365047299Z","level":"INFO","msg":"request completed","component":"middleware/logger","method":"GET","path":"/api/v1/health","remote_addr":"[::1]:53330","user_agent":"curl/8.12.0","request_id":"","status":200,"bytes":2,"duration":"8.838µs"}
{"time":"2025-02-08T19:07:54.405094601Z","level":"INFO","msg":"request completed","component":"middleware/logger","method":"GET","path":"/api/v1/health","remote_addr":"[::1]:37576","user_agent":"curl/8.12.0","request_id":"","status":200,"bytes":2,"duration":"63.814µs"}
{"time":"2025-02-08T19:08:03.636887969Z","level":"INFO","msg":"request completed","component":"middleware/logger","method":"GET","path":"/api/v1/health","remote_addr":"[::1]:57866","user_agent":"curl/8.12.0","request_id":"","status":200,"bytes":2,"duration":"10.995µs"}
{"time":"2025-02-08T19:08:13.710003257Z","level":"INFO","msg":"request completed","component":"middleware/logger","method":"GET","path":"/api/v1/health","remote_addr":"[::1]:36016","user_agent":"curl/8.12.0","request_id":"","status":200,"bytes":2,"duration":"9.558µs"}
{"time":"2025-02-08T19:08:23.756525933Z","level":"INFO","msg":"request completed","component":"middleware/logger","method":"GET","path":"/api/v1/health","remote_addr":"[::1]:35312","user_agent":"curl/8.12.0","request_id":"","status":200,"bytes":2,"duration":"11.915µs"}
{"time":"2025-02-08T19:08:33.796641086Z","level":"INFO","msg":"request completed","component":"middleware/logger","method":"GET","path":"/api/v1/health","remote_addr":"[::1]:51400","user_agent":"curl/8.12.0","request_id":"","status":200,"bytes":2,"duration":"9.046µs"}
{"time":"2025-02-08T19:08:42.969912703Z","level":"INFO","msg":"request completed","component":"middleware/logger","method":"GET","path":"/api/v1/health","remote_addr":"[::1]:56982","user_agent":"curl/8.12.0","request_id":"","status":200,"bytes":2,"duration":"9.249µs"}
{"time":"2025-02-08T19:08:53.007679281Z","level":"INFO","msg":"request completed","component":"middleware/logger","method":"GET","path":"/api/v1/health","remote_addr":"[::1]:43950","user_agent":"curl/8.12.0","request_id":"","status":200,"bytes":2,"duration":"28.159µs"}
